  main.cpp
  MyDemo.cpp
  No target GL version declared, defaulting to GL 3.3
  MyUtils.cpp
  RingsOfTime.cpp
  Generating Code...
  RingsOfTime.vcxproj -> D:\Uni Stuff\Modules\Animation and Simulation\RingsOfTime\files-RingsOfTime\RingsOfTime\build\Debug\RingsOfTime.exe
  RingsOfTime.vcxproj -> build\Debug\RingsOfTime.pdb (Full PDB)
  doc\readme.txt
  1 File(s) copied
  File not found - demo
  0 File(s) copied
  D:\Uni Stuff\Modules\Animation and Simulation\RingsOfTime\files-RingsOfTime\content\rings.tcf
  1 File(s) copied
  D:\Uni Stuff\Modules\Animation and Simulation\RingsOfTime\files-RingsOfTime\external\res\basic_fs.glsl
  D:\Uni Stuff\Modules\Animation and Simulation\RingsOfTime\files-RingsOfTime\external\res\basic_vs.glsl
  D:\Uni Stuff\Modules\Animation and Simulation\RingsOfTime\files-RingsOfTime\external\res\sprite_fs.glsl
  D:\Uni Stuff\Modules\Animation and Simulation\RingsOfTime\files-RingsOfTime\external\res\sprite_gs.glsl
  D:\Uni Stuff\Modules\Animation and Simulation\RingsOfTime\files-RingsOfTime\external\res\sprite_vs.glsl
  5 File(s) copied
  D:\Uni Stuff\Modules\Animation and Simulation\RingsOfTime\files-RingsOfTime\RingsOfTime\build\Debug\RingsOfTime.exe
  1 File(s) copied
